[44690:44690:0105/130444.816189:ERROR:sandbox_linux.cc(376)] InitializeSandbox() called with multiple threads in process gpu-process.
[44648:44648:0105/130445.517508:INFO:CONSOLE(1)] "[object HTMLImageElement]", source: https://distinctlynobleprosecute.com/2d/54/fd/2d54fde113170ff20a3073c093cebf13.js (1)
[44648:44648:0105/130445.537175:INFO:CONSOLE(0)] "[DOM] Input elements should have autocomplete attributes (suggested: "current-password"): (More info: https://goo.gl/9p2vKq) %o", source: https://www3.animeflv.net/ (0)
[44648:44648:0105/130446.186536:INFO:CONSOLE(1)] "[object HTMLImageElement]", source: https://addresseepaper.com/sfp.js (1)
[44648:44675:0105/130447.971169:ERROR:chrome_browser_main_extra_parts_metrics.cc(226)] crbug.com/1216328: Checking Bluetooth availability started. Please report if there is no report that this ends.
[44648:44675:0105/130447.971185:ERROR:chrome_browser_main_extra_parts_metrics.cc(229)] crbug.com/1216328: Checking Bluetooth availability ended.
[44648:44675:0105/130447.971190:ERROR:chrome_browser_main_extra_parts_metrics.cc(232)] crbug.com/1216328: Checking default browser status started. Please report if there is no report that this ends.
[44648:44675:0105/130447.987997:ERROR:chrome_browser_main_extra_parts_metrics.cc(236)] crbug.com/1216328: Checking default browser status ended.
[44648:44648:0105/130454.149388:INFO:CONSOLE(4)] "[object Object]", source: https://www3.animeflv.net/assets/animeflv/js/funciones.js?v=1.1.23 (4)
[44648:44648:0105/130454.150416:INFO:CONSOLE(4)] "[object Object]", source: https://www3.animeflv.net/assets/animeflv/js/funciones.js?v=1.1.23 (4)
[44648:44648:0105/130454.151291:INFO:CONSOLE(4)] "[object Object]", source: https://www3.animeflv.net/assets/animeflv/js/funciones.js?v=1.1.23 (4)
[44648:44648:0105/130454.152128:INFO:CONSOLE(4)] "[object Object]", source: https://www3.animeflv.net/assets/animeflv/js/funciones.js?v=1.1.23 (4)
[44648:44648:0105/130455.873638:INFO:CONSOLE(0)] "[DOM] Input elements should have autocomplete attributes (suggested: "current-password"): (More info: https://goo.gl/9p2vKq) %o", source: https://www3.animeflv.net/browse?q=kimetsu+no+yaiba (0)
[44648:44648:0105/130456.096601:INFO:CONSOLE(24)] "1", source: https://www3.animeflv.net/assets/animeflv/js/funciones.js?v=1.1.23 (24)
[44648:44648:0105/130456.105721:INFO:CONSOLE(0)] "[DOM] Input elements should have autocomplete attributes (suggested: "current-password"): (More info: https://goo.gl/9p2vKq) %o", source: https://www3.animeflv.net/anime/kimetsu-no-yaiba (0)
[44648:44648:0105/130456.551642:INFO:CONSOLE(24)] "1", source: https://www3.animeflv.net/assets/animeflv/js/funciones.js?v=1.1.23 (24)
[44691:44707:0105/130456.724612:WARNING:spdy_session.cc(3501)] Received HEADERS for invalid stream 3
[44691:44707:0105/130456.753582:WARNING:spdy_session.cc(3501)] Received HEADERS for invalid stream 7
[44648:44648:0105/130456.833688:INFO:CONSOLE(0)] "[DOM] Input elements should have autocomplete attributes (suggested: "current-password"): (More info: https://goo.gl/9p2vKq) %o", source: https://www3.animeflv.net/ver/kimetsu-no-yaiba-1 (0)
[44648:44648:0105/130500.254583:INFO:CONSOLE(23345)] "The AudioContext was not allowed to start. It must be resumed (or created) after a user gesture on the page. https://goo.gl/7K7WLu", source: blob:https://mega.nz/4186ff00-8732-49fd-a34f-a609249a3836 (23345)
[44648:44648:0105/130500.703200:INFO:CONSOLE(45182)] "asmCrypto PRNG not seeded; your security relies on your system PRNG. If this is not acceptable, use asmCrypto.random.seed().", source: blob:https://mega.nz/4186ff00-8732-49fd-a34f-a609249a3836 (45182)
[44648:44648:0105/130512.411007:INFO:CONSOLE(24)] "1", source: https://www3.animeflv.net/assets/animeflv/js/funciones.js?v=1.1.23 (24)
[44648:44648:0105/130512.428140:INFO:CONSOLE(0)] "[DOM] Input elements should have autocomplete attributes (suggested: "current-password"): (More info: https://goo.gl/9p2vKq) %o", source: https://www3.animeflv.net/anime/kimetsu-no-yaiba (0)
[44648:44648:0105/130512.702772:INFO:CONSOLE(24)] "1", source: https://www3.animeflv.net/assets/animeflv/js/funciones.js?v=1.1.23 (24)
[44648:44648:0105/130512.970407:INFO:CONSOLE(0)] "[DOM] Input elements should have autocomplete attributes (suggested: "current-password"): (More info: https://goo.gl/9p2vKq) %o", source: https://www3.animeflv.net/ver/kimetsu-no-yaiba-2 (0)
[44648:44648:0105/130514.068353:INFO:CONSOLE(23345)] "The AudioContext was not allowed to start. It must be resumed (or created) after a user gesture on the page. https://goo.gl/7K7WLu", source: blob:https://mega.nz/ce3bba75-236f-4c84-aacb-a6482869e28e (23345)
[44648:44648:0105/130516.534843:INFO:CONSOLE(23345)] "The AudioContext was not allowed to start. It must be resumed (or created) after a user gesture on the page. https://goo.gl/7K7WLu", source: blob:https://mega.nz/029308d3-46af-41f8-8d0f-6a729cdd775b (23345)
[44648:44648:0105/130516.716116:INFO:CONSOLE(45182)] "asmCrypto PRNG not seeded; your security relies on your system PRNG. If this is not acceptable, use asmCrypto.random.seed().", source: blob:https://mega.nz/029308d3-46af-41f8-8d0f-6a729cdd775b (45182)
[44648:44648:0105/130525.771555:INFO:CONSOLE(24)] "1", source: https://www3.animeflv.net/assets/animeflv/js/funciones.js?v=1.1.23 (24)
[44648:44648:0105/130525.792884:INFO:CONSOLE(0)] "[DOM] Input elements should have autocomplete attributes (suggested: "current-password"): (More info: https://goo.gl/9p2vKq) %o", source: https://www3.animeflv.net/anime/kimetsu-no-yaiba (0)
[44648:44648:0105/130526.053168:INFO:CONSOLE(24)] "1", source: https://www3.animeflv.net/assets/animeflv/js/funciones.js?v=1.1.23 (24)
[44648:44648:0105/130526.293654:INFO:CONSOLE(0)] "[DOM] Input elements should have autocomplete attributes (suggested: "current-password"): (More info: https://goo.gl/9p2vKq) %o", source: https://www3.animeflv.net/ver/kimetsu-no-yaiba-2 (0)
[44648:44648:0105/130527.381897:INFO:CONSOLE(23345)] "The AudioContext was not allowed to start. It must be resumed (or created) after a user gesture on the page. https://goo.gl/7K7WLu", source: blob:https://mega.nz/e50a9357-2563-408f-8129-dfb783179a12 (23345)
[44648:44648:0105/130529.938007:INFO:CONSOLE(23345)] "The AudioContext was not allowed to start. It must be resumed (or created) after a user gesture on the page. https://goo.gl/7K7WLu", source: blob:https://mega.nz/fd4e0383-0a3b-4485-8143-c86967be4428 (23345)
[44648:44648:0105/130530.097938:INFO:CONSOLE(45182)] "asmCrypto PRNG not seeded; your security relies on your system PRNG. If this is not acceptable, use asmCrypto.random.seed().", source: blob:https://mega.nz/fd4e0383-0a3b-4485-8143-c86967be4428 (45182)
[44648:44648:0105/130531.386035:INFO:CONSOLE(33608)] "[DEBUG] 2022-01-05T12:05:31.385Z", source: blob:https://mega.nz/e760e9f5-fd28-42ea-a2ac-29d684dabe92 (33608)
[44648:44648:0105/130531.386067:INFO:CONSOLE(33609)] "[object Object]", source: blob:https://mega.nz/e760e9f5-fd28-42ea-a2ac-29d684dabe92 (33609)
[44648:44648:0105/130531.386082:INFO:CONSOLE(33610)] "[object Object]", source: blob:https://mega.nz/e760e9f5-fd28-42ea-a2ac-29d684dabe92 (33610)
[44648:44648:0105/130531.386090:INFO:CONSOLE(33681)] "console.groupEnd", source: blob:https://mega.nz/e760e9f5-fd28-42ea-a2ac-29d684dabe92 (33681)
[44648:44648:0105/130531.597506:INFO:CONSOLE(0)] "[DOM] Password field is not contained in a form: (More info: https://goo.gl/9p2vKq) %o", source: https://mega.nz/file/FNZiRDpI#0zX2dR8usYfU7QpzMo9pIqensA2vMTKyhtKg4mx0LGc (0)
[44648:44648:0105/130531.597547:INFO:CONSOLE(0)] "[DOM] Password field is not contained in a form: (More info: https://goo.gl/9p2vKq) %o", source: https://mega.nz/file/FNZiRDpI#0zX2dR8usYfU7QpzMo9pIqensA2vMTKyhtKg4mx0LGc (0)
[44648:44648:0105/130531.597561:INFO:CONSOLE(0)] "[DOM] Password field is not contained in a form: (More info: https://goo.gl/9p2vKq) %o", source: https://mega.nz/file/FNZiRDpI#0zX2dR8usYfU7QpzMo9pIqensA2vMTKyhtKg4mx0LGc (0)
[44648:44648:0105/130531.597576:INFO:CONSOLE(0)] "[DOM] Password field is not contained in a form: (More info: https://goo.gl/9p2vKq) %o", source: https://mega.nz/file/FNZiRDpI#0zX2dR8usYfU7QpzMo9pIqensA2vMTKyhtKg4mx0LGc (0)
[44648:44648:0105/130531.597595:INFO:CONSOLE(0)] "[DOM] Password field is not contained in a form: (More info: https://goo.gl/9p2vKq) %o", source: https://mega.nz/file/FNZiRDpI#0zX2dR8usYfU7QpzMo9pIqensA2vMTKyhtKg4mx0LGc (0)
[44648:44648:0105/130531.597612:INFO:CONSOLE(0)] "[DOM] Password field is not contained in a form: (More info: https://goo.gl/9p2vKq) %o", source: https://mega.nz/file/FNZiRDpI#0zX2dR8usYfU7QpzMo9pIqensA2vMTKyhtKg4mx0LGc (0)
[44648:44648:0105/130531.597624:INFO:CONSOLE(0)] "[DOM] Input elements should have autocomplete attributes (suggested: "current-password"): (More info: https://goo.gl/9p2vKq) %o", source: https://mega.nz/file/FNZiRDpI#0zX2dR8usYfU7QpzMo9pIqensA2vMTKyhtKg4mx0LGc (0)
[44648:44648:0105/130531.597638:INFO:CONSOLE(0)] "[DOM] Input elements should have autocomplete attributes (suggested: "new-password"): (More info: https://goo.gl/9p2vKq) %o", source: https://mega.nz/file/FNZiRDpI#0zX2dR8usYfU7QpzMo9pIqensA2vMTKyhtKg4mx0LGc (0)
[44648:44648:0105/130531.597649:INFO:CONSOLE(0)] "[DOM] Input elements should have autocomplete attributes (suggested: "new-password"): (More info: https://goo.gl/9p2vKq) %o", source: https://mega.nz/file/FNZiRDpI#0zX2dR8usYfU7QpzMo9pIqensA2vMTKyhtKg4mx0LGc (0)
[44648:44648:0105/130531.597662:INFO:CONSOLE(0)] "[DOM] Input elements should have autocomplete attributes (suggested: "current-password"): (More info: https://goo.gl/9p2vKq) %o", source: https://mega.nz/file/FNZiRDpI#0zX2dR8usYfU7QpzMo9pIqensA2vMTKyhtKg4mx0LGc (0)
[44648:44648:0105/130531.597673:INFO:CONSOLE(0)] "[DOM] Input elements should have autocomplete attributes (suggested: "username"): (More info: https://goo.gl/9p2vKq) %o", source: https://mega.nz/file/FNZiRDpI#0zX2dR8usYfU7QpzMo9pIqensA2vMTKyhtKg4mx0LGc (0)
[44691:44706:0105/130535.299461:WARNING:sqlite_persistent_store_backend_base.cc(171)] Failed to post task from FlushAndNotifyInBackground@net/extras/sqlite/sqlite_persistent_store_backend_base.cc:219 to client_task_runner_.
[44691:44706:0105/130535.299490:WARNING:sqlite_persistent_store_backend_base.cc(171)] Failed to post task from FlushAndNotifyInBackground@net/extras/sqlite/sqlite_persistent_store_backend_base.cc:219 to client_task_runner_.
[44648:44648:0105/130535.314182:WARNING:pref_notifier_impl.cc(40)] Pref observer for media_router.cast_allow_all_ips found at shutdown.
